Using pre-set license
Built from '2020.3/staging' branch; Version is '2020.3.42f1 (7ade1201f527) revision 8052242'; Using compiler version '192528614'; Build Type 'Release'
OS: 'Windows 10  (10.0.19045) 64bit Professional' Language: 'ru' Physical Memory: 8080 MB
BatchMode: 1, IsHumanControllingUs: 0, StartBugReporterOnCrash: 0, Is64bit: 1, IsPro: 0

COMMAND LINE ARGUMENTS:
D:\Для проектов\Unity\2020.3.42f1\Editor\Unity.exe
-adb2
-batchMode
-noUpm
-name
AssetImportWorker1
-projectPath
D:/Проекты/roots/My project (25)
-logFile
Logs/AssetImportWorker1.log
-srvPort
56280
Successfully changed project path to: D:/Проекты/roots/My project (25)
D:/Проекты/roots/My project (25)
Using Asset Import Pipeline V2.
Refreshing native plugins compatible for Editor in 454.07 ms, found 2 plugins.
Preloading 0 native plugins for Editor in 0.00 ms.
Initialize engine version: 2020.3.42f1 (7ade1201f527)
[Subsystems] Discovering subsystems at path D:/Для проектов/Unity/2020.3.42f1/Editor/Data/Resources/UnitySubsystems
[Subsystems] Discovering subsystems at path D:/Проекты/roots/My project (25)/Assets
GfxDevice: creating device client; threaded=0
Direct3D:
    Version:  Direct3D 11.0 [level 11.0]
    Renderer: NVIDIA GeForce GTX 960M (ID=0x139b)
    Vendor:   
    VRAM:     2019 MB
    Driver:   23.21.13.8857
Initialize mono
Mono path[0] = 'D:/Для проектов/Unity/2020.3.42f1/Editor/Data/Managed'
Mono path[1] = 'D:/Для проектов/Unity/2020.3.42f1/Editor/Data/MonoBleedingEdge/lib/mono/unityjit'
Mono config path = 'D:/Для проектов/Unity/2020.3.42f1/Editor/Data/MonoBleedingEdge/etc'
Using monoOptions --debugger-agent=transport=dt_socket,embedding=1,server=y,suspend=n,address=127.0.0.1:56392
Begin MonoManager ReloadAssembly
Registering precompiled unity dll's ...
Register platform support module: D:/Для проектов/Unity/2020.3.42f1/Editor/Data/PlaybackEngines/WindowsStandaloneSupport/UnityEditor.WindowsStandalone.Extensions.dll
Registered in 0.665265 seconds.
Native extension for WindowsStandalone target not found
Refreshing native plugins compatible for Editor in 96.36 ms, found 2 plugins.
Preloading 0 native plugins for Editor in 0.00 ms.
Mono: successfully reloaded assembly
- Completed reload, in  5.546 seconds
Domain Reload Profiling:
	ReloadAssembly (5547ms)
		BeginReloadAssembly (591ms)
			ExecutionOrderSort (0ms)
			DisableScriptedObjects (0ms)
			BackupInstance (0ms)
			ReleaseScriptingObjects (0ms)
			CreateAndSetChildDomain (2ms)
		EndReloadAssembly (3384ms)
			LoadAssemblies (589ms)
			RebuildTransferFunctionScriptingTraits (0ms)
			SetupTypeCache (2113ms)
			ReleaseScriptCaches (0ms)
			RebuildScriptCaches (83ms)
			SetupLoadedEditorAssemblies (894ms)
				LogAssemblyErrors (0ms)
				InitializePlatformSupportModulesInManaged (17ms)
				SetLoadedEditorAssemblies (2ms)
				RefreshPlugins (97ms)
				BeforeProcessingInitializeOnLoad (278ms)
				ProcessInitializeOnLoadAttributes (369ms)
				ProcessInitializeOnLoadMethodAttributes (131ms)
				AfterProcessingInitializeOnLoad (0ms)
				EditorAssembliesLoaded (0ms)
			ExecutionOrderSort2 (0ms)
			AwakeInstancesAfterBackupRestoration (0ms)
Platform modules already initialized, skipping
Registering precompiled user dll's ...
Registered in 1.941753 seconds.
Begin MonoManager ReloadAssembly
Symbol file data-000002F6729C3500 doesn't match image D:\Проекты\roots\My project (25)\Library\ScriptAssemblies\Unity.InternalAPIEngineBridge.001.dll
Symbol file LoadedFromMemory is not a mono symbol file
Symbol file data-000002F66F8A9450 doesn't match image D:\Проекты\roots\My project (25)\Library\ScriptAssemblies\Unity.Services.Core.Editor.dll
Symbol file LoadedFromMemory is not a mono symbol file
Symbol file data-000002F672592040 doesn't match image D:\Проекты\roots\My project (25)\Library\ScriptAssemblies\Unity.VSCode.Editor.dll
Symbol file LoadedFromMemory is not a mono symbol file
Symbol file data-000002F672B79830 doesn't match image D:\Проекты\roots\My project (25)\Library\ScriptAssemblies\Unity.2D.PixelPerfect.dll
Symbol file LoadedFromMemory is not a mono symbol file
Symbol file data-000002F67213AC20 doesn't match image D:\Проекты\roots\My project (25)\Library\ScriptAssemblies\Unity.2D.Tilemap.Editor.dll
Symbol file LoadedFromMemory is not a mono symbol file
Symbol file data-000002F67213AC20 doesn't match image D:\Проекты\roots\My project (25)\Library\ScriptAssemblies\Unity.TextMeshPro.Editor.dll
Symbol file LoadedFromMemory is not a mono symbol file
Symbol file data-000002F66F8A9450 doesn't match image D:\Проекты\roots\My project (25)\Library\ScriptAssemblies\Unity.VisualStudio.Editor.dll
Symbol file LoadedFromMemory is not a mono symbol file
Symbol file data-000002F671A7E190 doesn't match image D:\Проекты\roots\My project (25)\Library\ScriptAssemblies\Unity.2D.PixelPerfect.Editor.dll
Symbol file LoadedFromMemory is not a mono symbol file
Symbol file data-000002F6715E4220 doesn't match image D:\Проекты\roots\My project (25)\Library\ScriptAssemblies\UnityEngine.TestRunner.dll
Symbol file LoadedFromMemory is not a mono symbol file
Symbol file data-000002F671559010 doesn't match image D:\Проекты\roots\My project (25)\Library\ScriptAssemblies\Unity.Timeline.Editor.dll
Symbol file LoadedFromMemory is not a mono symbol file
Symbol file data-000002F671578420 doesn't match image D:\Проекты\roots\My project (25)\Library\ScriptAssemblies\Unity.Timeline.dll
Symbol file LoadedFromMemory is not a mono symbol file
Symbol file data-000002F671751010 doesn't match image D:\Проекты\roots\My project (25)\Library\ScriptAssemblies\Unity.TextMeshPro.dll
Symbol file LoadedFromMemory is not a mono symbol file
Symbol file data-000002F671779620 doesn't match image D:\Проекты\roots\My project (25)\Library\ScriptAssemblies\Unity.CollabProxy.Editor.dll
Symbol file LoadedFromMemory is not a mono symbol file
Symbol file data-000002F67229D020 doesn't match image D:\Проекты\roots\My project (25)\Library\ScriptAssemblies\Unity.Mathematics.Editor.dll
Symbol file LoadedFromMemory is not a mono symbol file
Symbol file data-000002F671A3A020 doesn't match image D:\Проекты\roots\My project (25)\Library\ScriptAssemblies\UnityEditor.TestRunner.dll
Symbol file LoadedFromMemory is not a mono symbol file
Symbol file data-000002F6228D48A0 doesn't match image D:\Проекты\roots\My project (25)\Library\ScriptAssemblies\Unity.2D.Common.Runtime.dll
Symbol file LoadedFromMemory is not a mono symbol file
Symbol file data-000002F671A3A020 doesn't match image D:\Проекты\roots\My project (25)\Library\ScriptAssemblies\Unity.2D.Sprite.Editor.dll
Symbol file LoadedFromMemory is not a mono symbol file
Symbol file data-000002F672150230 doesn't match image D:\Проекты\roots\My project (25)\Library\ScriptAssemblies\Unity.2D.Path.Editor.dll
Symbol file LoadedFromMemory is not a mono symbol file
Symbol file data-000002F672222E30 doesn't match image D:\Проекты\roots\My project (25)\Library\ScriptAssemblies\Unity.InternalAPIEditorBridge.001.dll
Symbol file LoadedFromMemory is not a mono symbol file
Symbol file data-000002F671B41430 doesn't match image D:\Проекты\roots\My project (25)\Library\ScriptAssemblies\Unity.2D.SpriteShape.Editor.dll
Symbol file LoadedFromMemory is not a mono symbol file
Symbol file data-000002F671B41430 doesn't match image D:\Проекты\roots\My project (25)\Library\ScriptAssemblies\UnityEditor.UI.dll
Symbol file LoadedFromMemory is not a mono symbol file
Symbol file data-000002F671AB2010 doesn't match image D:\Проекты\roots\My project (25)\Library\ScriptAssemblies\Unity.PlasticSCM.Editor.dll
Symbol file LoadedFromMemory is not a mono symbol file
Symbol file data-000002F671B41430 doesn't match image D:\Проекты\roots\My project (25)\Library\ScriptAssemblies\Unity.Rider.Editor.dll
Symbol file LoadedFromMemory is not a mono symbol file
Symbol file data-000002F6715EC230 doesn't match image D:\Проекты\roots\My project (25)\Library\ScriptAssemblies\Unity.2D.Common.Editor.dll
Symbol file LoadedFromMemory is not a mono symbol file
Symbol file data-000002F671AC4C20 doesn't match image D:\Проекты\roots\My project (25)\Library\ScriptAssemblies\UnityEngine.UI.dll
Symbol file LoadedFromMemory is not a mono symbol file
Symbol file data-000002F67158CE30 doesn't match image D:\Проекты\roots\My project (25)\Library\ScriptAssemblies\Unity.2D.SpriteShape.Runtime.dll
Symbol file LoadedFromMemory is not a mono symbol file
Symbol file data-000002F66F646020 doesn't match image D:\Проекты\roots\My project (25)\Library\ScriptAssemblies\Unity.Mathematics.dll
Symbol file LoadedFromMemory is not a mono symbol file
Native extension for WindowsStandalone target not found
Refreshing native plugins compatible for Editor in 2.28 ms, found 2 plugins.
Preloading 0 native plugins for Editor in 0.00 ms.
Mono: successfully reloaded assembly
- Completed reload, in 12.090 seconds
Domain Reload Profiling:
	ReloadAssembly (12094ms)
		BeginReloadAssembly (491ms)
			ExecutionOrderSort (0ms)
			DisableScriptedObjects (12ms)
			BackupInstance (0ms)
			ReleaseScriptingObjects (1ms)
			CreateAndSetChildDomain (105ms)
		EndReloadAssembly (11437ms)
			LoadAssemblies (1811ms)
			RebuildTransferFunctionScriptingTraits (0ms)
			SetupTypeCache (4015ms)
			ReleaseScriptCaches (3ms)
			RebuildScriptCaches (140ms)
			SetupLoadedEditorAssemblies (5314ms)
				LogAssemblyErrors (0ms)
				InitializePlatformSupportModulesInManaged (14ms)
				SetLoadedEditorAssemblies (1ms)
				RefreshPlugins (3ms)
				BeforeProcessingInitializeOnLoad (256ms)
				ProcessInitializeOnLoadAttributes (1474ms)
				ProcessInitializeOnLoadMethodAttributes (3561ms)
				AfterProcessingInitializeOnLoad (5ms)
				EditorAssembliesLoaded (1ms)
			ExecutionOrderSort2 (0ms)
			AwakeInstancesAfterBackupRestoration (4ms)
Platform modules already initialized, skipping
========================================================================
Worker process is ready to serve import requests
Launched and connected shader compiler UnityShaderCompiler.exe after 0.53 seconds
Refreshing native plugins compatible for Editor in 1.62 ms, found 2 plugins.
Preloading 0 native plugins for Editor in 0.00 ms.
Unloading 1848 Unused Serialized files (Serialized files now loaded: 0)
System memory in use before: 85.3 MB.
System memory in use after: 85.4 MB.

Unloading 20 unused Assets to reduce memory usage. Loaded Objects now: 2289.
Total: 13.137900 ms (FindLiveObjects: 1.079700 ms CreateObjectMapping: 0.669800 ms MarkObjects: 10.959800 ms  DeleteObjects: 0.422000 ms)

AssetImportParameters requested are different than current active one (requested -> active):
  custom:framework-win-MediaFoundation: 216162199b28c13a410421893ffa2e32 -> 
  custom:video-decoder-ogg-theora: a1e56fd34408186e4bbccfd4996cb3dc -> 
  custom:container-muxer-webm: aa71ff27fc2769a1b78a27578f13a17b -> 
  custom:container-demuxer-webm: 4f35f7cbe854078d1ac9338744f61a02 -> 
  custom:container-demuxer-ogg: 62fdf1f143b41e24485cea50d1cbac27 -> 
  custom:video-encoder-webm-vp8: eb34c28f22e8b96e1ab97ce403110664 -> 
  custom:video-decoder-webm-vp8: 9c59270c3fd7afecdb556c50c9e8de78 -> 
  custom:audio-decoder-ogg-vorbis: bf7c407c2cedff20999df2af8eb42d56 -> 
  custom:audio-encoder-webm-vorbis: bf7c407c2cedff20999df2af8eb42d56 -> 
========================================================================
Received Import Request.
  path: Assets/Options/Scene_Options.unity
  artifactKey: Guid(4520b40bf9091254fa7e408e0c467dc1) Importer(815301076,1909f56bfc062723c751e8b465ee728b)
Start importing Assets/Options/Scene_Options.unity using Guid(4520b40bf9091254fa7e408e0c467dc1) Importer(815301076,1909f56bfc062723c751e8b465ee728b)  -> (artifact id: 'd723a858b4d443fce7da67ef48287c12') in 0.021198 seconds 
========================================================================
Received Prepare
Refreshing native plugins compatible for Editor in 6.02 ms, found 2 plugins.
Preloading 0 native plugins for Editor in 0.00 ms.
Unloading 9 Unused Serialized files (Serialized files now loaded: 0)
System memory in use before: 48.4 MB.
System memory in use after: 48.5 MB.

Unloading 9 unused Assets to reduce memory usage. Loaded Objects now: 2289.
Total: 10.497600 ms (FindLiveObjects: 0.751600 ms CreateObjectMapping: 0.609800 ms MarkObjects: 9.091600 ms  DeleteObjects: 0.042300 ms)

AssetImportParameters requested are different than current active one (requested -> active):
  custom:framework-win-MediaFoundation: 216162199b28c13a410421893ffa2e32 -> 
  custom:video-decoder-ogg-theora: a1e56fd34408186e4bbccfd4996cb3dc -> 
  custom:container-muxer-webm: aa71ff27fc2769a1b78a27578f13a17b -> 
  custom:container-demuxer-webm: 4f35f7cbe854078d1ac9338744f61a02 -> 
  custom:container-demuxer-ogg: 62fdf1f143b41e24485cea50d1cbac27 -> 
  custom:video-encoder-webm-vp8: eb34c28f22e8b96e1ab97ce403110664 -> 
  custom:video-decoder-webm-vp8: 9c59270c3fd7afecdb556c50c9e8de78 -> 
  custom:audio-decoder-ogg-vorbis: bf7c407c2cedff20999df2af8eb42d56 -> 
  custom:audio-encoder-webm-vorbis: bf7c407c2cedff20999df2af8eb42d56 -> 
========================================================================
Received Import Request.
  Time since last request: 479.098259 seconds.
  path: Assets/Options/Scene_Options.unity
  artifactKey: Guid(4520b40bf9091254fa7e408e0c467dc1) Importer(815301076,1909f56bfc062723c751e8b465ee728b)
Start importing Assets/Options/Scene_Options.unity using Guid(4520b40bf9091254fa7e408e0c467dc1) Importer(815301076,1909f56bfc062723c751e8b465ee728b)  -> (artifact id: 'c4ec495f1ca22dfc3dbc6b0a5ebe4f59') in 0.009359 seconds 
========================================================================
Received Prepare
Registering precompiled user dll's ...
Registered in 0.003676 seconds.
Begin MonoManager ReloadAssembly
Symbol file data-000002F670E14550 doesn't match image D:\Проекты\roots\My project (25)\Library\ScriptAssemblies\Unity.InternalAPIEngineBridge.001.dll
Symbol file LoadedFromMemory is not a mono symbol file
Symbol file data-000002F672272EC0 doesn't match image D:\Проекты\roots\My project (25)\Library\ScriptAssemblies\Unity.Services.Core.Editor.dll
Symbol file LoadedFromMemory is not a mono symbol file
Symbol file data-000002F66F4FE010 doesn't match image D:\Проекты\roots\My project (25)\Library\ScriptAssemblies\Unity.VSCode.Editor.dll
Symbol file LoadedFromMemory is not a mono symbol file
Symbol file data-000002F66F1FD940 doesn't match image D:\Проекты\roots\My project (25)\Library\ScriptAssemblies\Unity.2D.PixelPerfect.dll
Symbol file LoadedFromMemory is not a mono symbol file
Symbol file data-000002F66F1BE020 doesn't match image D:\Проекты\roots\My project (25)\Library\ScriptAssemblies\Unity.2D.Tilemap.Editor.dll
Symbol file LoadedFromMemory is not a mono symbol file
Symbol file data-000002F672D64040 doesn't match image D:\Проекты\roots\My project (25)\Library\ScriptAssemblies\Unity.TextMeshPro.Editor.dll
Symbol file LoadedFromMemory is not a mono symbol file
Symbol file data-000002F66F38B010 doesn't match image D:\Проекты\roots\My project (25)\Library\ScriptAssemblies\Unity.VisualStudio.Editor.dll
Symbol file LoadedFromMemory is not a mono symbol file
Symbol file data-000002F674403160 doesn't match image D:\Проекты\roots\My project (25)\Library\ScriptAssemblies\Unity.2D.PixelPerfect.Editor.dll
Symbol file LoadedFromMemory is not a mono symbol file
Symbol file data-000002F6716DFA50 doesn't match image D:\Проекты\roots\My project (25)\Library\ScriptAssemblies\UnityEngine.TestRunner.dll
Symbol file LoadedFromMemory is not a mono symbol file
Symbol file data-000002F671B06010 doesn't match image D:\Проекты\roots\My project (25)\Library\ScriptAssemblies\Unity.Timeline.Editor.dll
Symbol file LoadedFromMemory is not a mono symbol file
Symbol file data-000002F66F1BE020 doesn't match image D:\Проекты\roots\My project (25)\Library\ScriptAssemblies\Unity.Timeline.dll
Symbol file LoadedFromMemory is not a mono symbol file
Symbol file data-000002F672863020 doesn't match image D:\Проекты\roots\My project (25)\Library\ScriptAssemblies\Unity.TextMeshPro.dll
Symbol file LoadedFromMemory is not a mono symbol file
Symbol file data-000002F672387010 doesn't match image D:\Проекты\roots\My project (25)\Library\ScriptAssemblies\Unity.CollabProxy.Editor.dll
Symbol file LoadedFromMemory is not a mono symbol file
Symbol file data-000002F676085030 doesn't match image D:\Проекты\roots\My project (25)\Library\ScriptAssemblies\Unity.Mathematics.Editor.dll
Symbol file LoadedFromMemory is not a mono symbol file
Symbol file data-000002F67449E020 doesn't match image D:\Проекты\roots\My project (25)\Library\ScriptAssemblies\UnityEditor.TestRunner.dll
Symbol file LoadedFromMemory is not a mono symbol file
Symbol file data-000002F6228B3510 doesn't match image D:\Проекты\roots\My project (25)\Library\ScriptAssemblies\Unity.2D.Common.Runtime.dll
Symbol file LoadedFromMemory is not a mono symbol file
Symbol file data-000002F67157DC20 doesn't match image D:\Проекты\roots\My project (25)\Library\ScriptAssemblies\Unity.2D.Sprite.Editor.dll
Symbol file LoadedFromMemory is not a mono symbol file
Symbol file data-000002F66F38B010 doesn't match image D:\Проекты\roots\My project (25)\Library\ScriptAssemblies\Unity.2D.Path.Editor.dll
Symbol file LoadedFromMemory is not a mono symbol file
Symbol file data-000002F66E9DD2D0 doesn't match image D:\Проекты\roots\My project (25)\Library\ScriptAssemblies\Unity.InternalAPIEditorBridge.001.dll
Symbol file LoadedFromMemory is not a mono symbol file
Symbol file data-000002F67527EC90 doesn't match image D:\Проекты\roots\My project (25)\Library\ScriptAssemblies\Unity.2D.SpriteShape.Editor.dll
Symbol file LoadedFromMemory is not a mono symbol file
Symbol file data-000002F67527EC90 doesn't match image D:\Проекты\roots\My project (25)\Library\ScriptAssemblies\UnityEditor.UI.dll
Symbol file LoadedFromMemory is not a mono symbol file
Symbol file data-000002F670D62410 doesn't match image D:\Проекты\roots\My project (25)\Library\ScriptAssemblies\Unity.PlasticSCM.Editor.dll
Symbol file LoadedFromMemory is not a mono symbol file
Symbol file data-000002F67527EC90 doesn't match image D:\Проекты\roots\My project (25)\Library\ScriptAssemblies\Unity.Rider.Editor.dll
Symbol file LoadedFromMemory is not a mono symbol file
Symbol file data-000002F66F4FE010 doesn't match image D:\Проекты\roots\My project (25)\Library\ScriptAssemblies\Unity.2D.Common.Editor.dll
Symbol file LoadedFromMemory is not a mono symbol file
Symbol file data-000002F66F5E7C60 doesn't match image D:\Проекты\roots\My project (25)\Library\ScriptAssemblies\UnityEngine.UI.dll
Symbol file LoadedFromMemory is not a mono symbol file
Symbol file data-000002F66F1BE020 doesn't match image D:\Проекты\roots\My project (25)\Library\ScriptAssemblies\Unity.2D.SpriteShape.Runtime.dll
Symbol file LoadedFromMemory is not a mono symbol file
Symbol file data-000002F66F646020 doesn't match image D:\Проекты\roots\My project (25)\Library\ScriptAssemblies\Unity.Mathematics.dll
Symbol file LoadedFromMemory is not a mono symbol file
Native extension for WindowsStandalone target not found
Refreshing native plugins compatible for Editor in 1.66 ms, found 2 plugins.
Preloading 0 native plugins for Editor in 0.00 ms.
Mono: successfully reloaded assembly
- Completed reload, in  2.881 seconds
Domain Reload Profiling:
	ReloadAssembly (2882ms)
		BeginReloadAssembly (372ms)
			ExecutionOrderSort (0ms)
			DisableScriptedObjects (16ms)
			BackupInstance (0ms)
			ReleaseScriptingObjects (0ms)
			CreateAndSetChildDomain (127ms)
		EndReloadAssembly (2345ms)
			LoadAssemblies (306ms)
			RebuildTransferFunctionScriptingTraits (0ms)
			SetupTypeCache (858ms)
			ReleaseScriptCaches (3ms)
			RebuildScriptCaches (131ms)
			SetupLoadedEditorAssemblies (866ms)
				LogAssemblyErrors (0ms)
				InitializePlatformSupportModulesInManaged (14ms)
				SetLoadedEditorAssemblies (1ms)
				RefreshPlugins (2ms)
				BeforeProcessingInitializeOnLoad (241ms)
				ProcessInitializeOnLoadAttributes (549ms)
				ProcessInitializeOnLoadMethodAttributes (50ms)
				AfterProcessingInitializeOnLoad (7ms)
				EditorAssembliesLoaded (1ms)
			ExecutionOrderSort2 (0ms)
			AwakeInstancesAfterBackupRestoration (9ms)
Platform modules already initialized, skipping
Refreshing native plugins compatible for Editor in 1.82 ms, found 2 plugins.
Preloading 0 native plugins for Editor in 0.00 ms.
Unloading 1841 Unused Serialized files (Serialized files now loaded: 0)
System memory in use before: 85.1 MB.
System memory in use after: 85.2 MB.

Unloading 11 unused Assets to reduce memory usage. Loaded Objects now: 2292.
Total: 14.116100 ms (FindLiveObjects: 0.967400 ms CreateObjectMapping: 0.679500 ms MarkObjects: 12.318300 ms  DeleteObjects: 0.145200 ms)

AssetImportParameters requested are different than current active one (requested -> active):
  custom:framework-win-MediaFoundation: 216162199b28c13a410421893ffa2e32 -> 
  custom:video-decoder-ogg-theora: a1e56fd34408186e4bbccfd4996cb3dc -> 
  custom:container-muxer-webm: aa71ff27fc2769a1b78a27578f13a17b -> 
  custom:container-demuxer-webm: 4f35f7cbe854078d1ac9338744f61a02 -> 
  custom:container-demuxer-ogg: 62fdf1f143b41e24485cea50d1cbac27 -> 
  custom:video-encoder-webm-vp8: eb34c28f22e8b96e1ab97ce403110664 -> 
  custom:video-decoder-webm-vp8: 9c59270c3fd7afecdb556c50c9e8de78 -> 
  custom:audio-decoder-ogg-vorbis: bf7c407c2cedff20999df2af8eb42d56 -> 
  custom:audio-encoder-webm-vorbis: bf7c407c2cedff20999df2af8eb42d56 -> 
========================================================================
Received Import Request.
  Time since last request: 62.125247 seconds.
  path: Assets/Options/Script/SensitivitySlider.cs
  artifactKey: Guid(52305ba775222074091b29a5d9f3e9a0) Importer(815301076,1909f56bfc062723c751e8b465ee728b)
Start importing Assets/Options/Script/SensitivitySlider.cs using Guid(52305ba775222074091b29a5d9f3e9a0) Importer(815301076,1909f56bfc062723c751e8b465ee728b)  -> (artifact id: '5453eaba60109bd4d4c221f497d80faf') in 0.308159 seconds 
========================================================================
Received Prepare
Registering precompiled user dll's ...
Registered in 0.004299 seconds.
Begin MonoManager ReloadAssembly
Symbol file data-000002F6722220E0 doesn't match image D:\Проекты\roots\My project (25)\Library\ScriptAssemblies\Unity.InternalAPIEngineBridge.001.dll
Symbol file LoadedFromMemory is not a mono symbol file
Symbol file data-000002F671CE1020 doesn't match image D:\Проекты\roots\My project (25)\Library\ScriptAssemblies\Unity.Services.Core.Editor.dll
Symbol file LoadedFromMemory is not a mono symbol file
Symbol file data-000002F672592040 doesn't match image D:\Проекты\roots\My project (25)\Library\ScriptAssemblies\Unity.VSCode.Editor.dll
Symbol file LoadedFromMemory is not a mono symbol file
Symbol file data-000002F675819060 doesn't match image D:\Проекты\roots\My project (25)\Library\ScriptAssemblies\Unity.2D.PixelPerfect.dll
Symbol file LoadedFromMemory is not a mono symbol file
Symbol file data-000002F675E220F0 doesn't match image D:\Проекты\roots\My project (25)\Library\ScriptAssemblies\Unity.2D.Tilemap.Editor.dll
Symbol file LoadedFromMemory is not a mono symbol file
Symbol file data-000002F671A5E010 doesn't match image D:\Проекты\roots\My project (25)\Library\ScriptAssemblies\Unity.TextMeshPro.Editor.dll
Symbol file LoadedFromMemory is not a mono symbol file
Symbol file data-000002F6228BAEF0 doesn't match image D:\Проекты\roots\My project (25)\Library\ScriptAssemblies\Unity.VisualStudio.Editor.dll
Symbol file LoadedFromMemory is not a mono symbol file
Symbol file data-000002F672179510 doesn't match image D:\Проекты\roots\My project (25)\Library\ScriptAssemblies\Unity.2D.PixelPerfect.Editor.dll
Symbol file LoadedFromMemory is not a mono symbol file
Symbol file data-000002F6228BAEF0 doesn't match image D:\Проекты\roots\My project (25)\Library\ScriptAssemblies\UnityEngine.TestRunner.dll
Symbol file LoadedFromMemory is not a mono symbol file
Symbol file data-000002F671B06010 doesn't match image D:\Проекты\roots\My project (25)\Library\ScriptAssemblies\Unity.Timeline.Editor.dll
Symbol file LoadedFromMemory is not a mono symbol file
Symbol file data-000002F675E220F0 doesn't match image D:\Проекты\roots\My project (25)\Library\ScriptAssemblies\Unity.Timeline.dll
Symbol file LoadedFromMemory is not a mono symbol file
Symbol file data-000002F675D3C7F0 doesn't match image D:\Проекты\roots\My project (25)\Library\ScriptAssemblies\Unity.TextMeshPro.dll
Symbol file LoadedFromMemory is not a mono symbol file
Symbol file data-000002F672387010 doesn't match image D:\Проекты\roots\My project (25)\Library\ScriptAssemblies\Unity.CollabProxy.Editor.dll
Symbol file LoadedFromMemory is not a mono symbol file
Symbol file data-000002F66F1CA830 doesn't match image D:\Проекты\roots\My project (25)\Library\ScriptAssemblies\Unity.Mathematics.Editor.dll
Symbol file LoadedFromMemory is not a mono symbol file
Symbol file data-000002F6743E8030 doesn't match image D:\Проекты\roots\My project (25)\Library\ScriptAssemblies\UnityEditor.TestRunner.dll
Symbol file LoadedFromMemory is not a mono symbol file
Symbol file data-000002F6228ADB90 doesn't match image D:\Проекты\roots\My project (25)\Library\ScriptAssemblies\Unity.2D.Common.Runtime.dll
Symbol file LoadedFromMemory is not a mono symbol file
Symbol file data-000002F671A5E010 doesn't match image D:\Проекты\roots\My project (25)\Library\ScriptAssemblies\Unity.2D.Sprite.Editor.dll
Symbol file LoadedFromMemory is not a mono symbol file
Symbol file data-000002F675E4D510 doesn't match image D:\Проекты\roots\My project (25)\Library\ScriptAssemblies\Unity.2D.Path.Editor.dll
Symbol file LoadedFromMemory is not a mono symbol file
Symbol file data-000002F670DE3A40 doesn't match image D:\Проекты\roots\My project (25)\Library\ScriptAssemblies\Unity.InternalAPIEditorBridge.001.dll
Symbol file LoadedFromMemory is not a mono symbol file
Symbol file data-000002F67111E500 doesn't match image D:\Проекты\roots\My project (25)\Library\ScriptAssemblies\Unity.2D.SpriteShape.Editor.dll
Symbol file LoadedFromMemory is not a mono symbol file
Symbol file data-000002F67225C220 doesn't match image D:\Проекты\roots\My project (25)\Library\ScriptAssemblies\UnityEditor.UI.dll
Symbol file LoadedFromMemory is not a mono symbol file
Symbol file data-000002F672863020 doesn't match image D:\Проекты\roots\My project (25)\Library\ScriptAssemblies\Unity.PlasticSCM.Editor.dll
Symbol file LoadedFromMemory is not a mono symbol file
Symbol file data-000002F672F0E420 doesn't match image D:\Проекты\roots\My project (25)\Library\ScriptAssemblies\Unity.Rider.Editor.dll
Symbol file LoadedFromMemory is not a mono symbol file
Symbol file data-000002F672592040 doesn't match image D:\Проекты\roots\My project (25)\Library\ScriptAssemblies\Unity.2D.Common.Editor.dll
Symbol file LoadedFromMemory is not a mono symbol file
Symbol file data-000002F671BD2010 doesn't match image D:\Проекты\roots\My project (25)\Library\ScriptAssemblies\UnityEngine.UI.dll
Symbol file LoadedFromMemory is not a mono symbol file
Symbol file data-000002F675E220F0 doesn't match image D:\Проекты\roots\My project (25)\Library\ScriptAssemblies\Unity.2D.SpriteShape.Runtime.dll
Symbol file LoadedFromMemory is not a mono symbol file
Symbol file data-000002F66F646020 doesn't match image D:\Проекты\roots\My project (25)\Library\ScriptAssemblies\Unity.Mathematics.dll
Symbol file LoadedFromMemory is not a mono symbol file
Native extension for WindowsStandalone target not found
Refreshing native plugins compatible for Editor in 1.28 ms, found 2 plugins.
Preloading 0 native plugins for Editor in 0.00 ms.
Mono: successfully reloaded assembly
- Completed reload, in  3.093 seconds
Domain Reload Profiling:
	ReloadAssembly (3095ms)
		BeginReloadAssembly (398ms)
			ExecutionOrderSort (0ms)
			DisableScriptedObjects (22ms)
			BackupInstance (0ms)
			ReleaseScriptingObjects (0ms)
			CreateAndSetChildDomain (134ms)
		EndReloadAssembly (2536ms)
			LoadAssemblies (361ms)
			RebuildTransferFunctionScriptingTraits (0ms)
			SetupTypeCache (1072ms)
			ReleaseScriptCaches (4ms)
			RebuildScriptCaches (142ms)
			SetupLoadedEditorAssemblies (771ms)
				LogAssemblyErrors (0ms)
				InitializePlatformSupportModulesInManaged (18ms)
				SetLoadedEditorAssemblies (1ms)
				RefreshPlugins (2ms)
				BeforeProcessingInitializeOnLoad (186ms)
				ProcessInitializeOnLoadAttributes (515ms)
				ProcessInitializeOnLoadMethodAttributes (42ms)
				AfterProcessingInitializeOnLoad (7ms)
				EditorAssembliesLoaded (1ms)
			ExecutionOrderSort2 (0ms)
			AwakeInstancesAfterBackupRestoration (7ms)
Platform modules already initialized, skipping
Refreshing native plugins compatible for Editor in 2.09 ms, found 2 plugins.
Preloading 0 native plugins for Editor in 0.00 ms.
Unloading 1842 Unused Serialized files (Serialized files now loaded: 0)
System memory in use before: 85.1 MB.
System memory in use after: 85.2 MB.

Unloading 11 unused Assets to reduce memory usage. Loaded Objects now: 2296.
Total: 11.033100 ms (FindLiveObjects: 0.824300 ms CreateObjectMapping: 0.505200 ms MarkObjects: 9.553300 ms  DeleteObjects: 0.142400 ms)

AssetImportParameters requested are different than current active one (requested -> active):
  custom:framework-win-MediaFoundation: 216162199b28c13a410421893ffa2e32 -> 
  custom:video-decoder-ogg-theora: a1e56fd34408186e4bbccfd4996cb3dc -> 
  custom:container-muxer-webm: aa71ff27fc2769a1b78a27578f13a17b -> 
  custom:container-demuxer-webm: 4f35f7cbe854078d1ac9338744f61a02 -> 
  custom:container-demuxer-ogg: 62fdf1f143b41e24485cea50d1cbac27 -> 
  custom:video-encoder-webm-vp8: eb34c28f22e8b96e1ab97ce403110664 -> 
  custom:video-decoder-webm-vp8: 9c59270c3fd7afecdb556c50c9e8de78 -> 
  custom:audio-decoder-ogg-vorbis: bf7c407c2cedff20999df2af8eb42d56 -> 
  custom:audio-encoder-webm-vorbis: bf7c407c2cedff20999df2af8eb42d56 -> 
========================================================================
Received Prepare
Registering precompiled user dll's ...
Registered in 0.006069 seconds.
Begin MonoManager ReloadAssembly
Symbol file data-000002F66F41DA30 doesn't match image D:\Проекты\roots\My project (25)\Library\ScriptAssemblies\Unity.InternalAPIEngineBridge.001.dll
Symbol file LoadedFromMemory is not a mono symbol file
Symbol file data-000002F672152030 doesn't match image D:\Проекты\roots\My project (25)\Library\ScriptAssemblies\Unity.Services.Core.Editor.dll
Symbol file LoadedFromMemory is not a mono symbol file
Symbol file data-000002F675D9BE80 doesn't match image D:\Проекты\roots\My project (25)\Library\ScriptAssemblies\Unity.VSCode.Editor.dll
Symbol file LoadedFromMemory is not a mono symbol file
Symbol file data-000002F66ED71D90 doesn't match image D:\Проекты\roots\My project (25)\Library\ScriptAssemblies\Unity.2D.PixelPerfect.dll
Symbol file LoadedFromMemory is not a mono symbol file
Symbol file data-000002F675E220F0 doesn't match image D:\Проекты\roots\My project (25)\Library\ScriptAssemblies\Unity.2D.Tilemap.Editor.dll
Symbol file LoadedFromMemory is not a mono symbol file
Symbol file data-000002F670DEA230 doesn't match image D:\Проекты\roots\My project (25)\Library\ScriptAssemblies\Unity.TextMeshPro.Editor.dll
Symbol file LoadedFromMemory is not a mono symbol file
Symbol file data-000002F6721A2060 doesn't match image D:\Проекты\roots\My project (25)\Library\ScriptAssemblies\Unity.VisualStudio.Editor.dll
Symbol file LoadedFromMemory is not a mono symbol file
Symbol file data-000002F674401F40 doesn't match image D:\Проекты\roots\My project (25)\Library\ScriptAssemblies\Unity.2D.PixelPerfect.Editor.dll
Symbol file LoadedFromMemory is not a mono symbol file
Symbol file data-000002F6228BAEF0 doesn't match image D:\Проекты\roots\My project (25)\Library\ScriptAssemblies\UnityEngine.TestRunner.dll
Symbol file LoadedFromMemory is not a mono symbol file
Symbol file data-000002F671A0A010 doesn't match image D:\Проекты\roots\My project (25)\Library\ScriptAssemblies\Unity.Timeline.Editor.dll
Symbol file LoadedFromMemory is not a mono symbol file
Symbol file data-000002F675E220F0 doesn't match image D:\Проекты\roots\My project (25)\Library\ScriptAssemblies\Unity.Timeline.dll
Symbol file LoadedFromMemory is not a mono symbol file
Symbol file data-000002F670DA5800 doesn't match image D:\Проекты\roots\My project (25)\Library\ScriptAssemblies\Unity.TextMeshPro.dll
Symbol file LoadedFromMemory is not a mono symbol file
Symbol file data-000002F6725A9010 doesn't match image D:\Проекты\roots\My project (25)\Library\ScriptAssemblies\Unity.CollabProxy.Editor.dll
Symbol file LoadedFromMemory is not a mono symbol file
Symbol file data-000002F6228C71C0 doesn't match image D:\Проекты\roots\My project (25)\Library\ScriptAssemblies\Unity.Mathematics.Editor.dll
Symbol file LoadedFromMemory is not a mono symbol file
Symbol file data-000002F6724BD020 doesn't match image D:\Проекты\roots\My project (25)\Library\ScriptAssemblies\UnityEditor.TestRunner.dll
Symbol file LoadedFromMemory is not a mono symbol file
Symbol file data-000002F66F4339A0 doesn't match image D:\Проекты\roots\My project (25)\Library\ScriptAssemblies\Unity.2D.Common.Runtime.dll
Symbol file LoadedFromMemory is not a mono symbol file
Symbol file data-000002F670DEA230 doesn't match image D:\Проекты\roots\My project (25)\Library\ScriptAssemblies\Unity.2D.Sprite.Editor.dll
Symbol file LoadedFromMemory is not a mono symbol file
Symbol file data-000002F6721A2060 doesn't match image D:\Проекты\roots\My project (25)\Library\ScriptAssemblies\Unity.2D.Path.Editor.dll
Symbol file LoadedFromMemory is not a mono symbol file
Symbol file data-000002F675D14780 doesn't match image D:\Проекты\roots\My project (25)\Library\ScriptAssemblies\Unity.InternalAPIEditorBridge.001.dll
Symbol file LoadedFromMemory is not a mono symbol file
Symbol file data-000002F67111E500 doesn't match image D:\Проекты\roots\My project (25)\Library\ScriptAssemblies\Unity.2D.SpriteShape.Editor.dll
Symbol file LoadedFromMemory is not a mono symbol file
Symbol file data-000002F67225C220 doesn't match image D:\Проекты\roots\My project (25)\Library\ScriptAssemblies\UnityEditor.UI.dll
Symbol file LoadedFromMemory is not a mono symbol file
Symbol file data-000002F675D307D0 doesn't match image D:\Проекты\roots\My project (25)\Library\ScriptAssemblies\Unity.PlasticSCM.Editor.dll
Symbol file LoadedFromMemory is not a mono symbol file
Symbol file data-000002F67225C220 doesn't match image D:\Проекты\roots\My project (25)\Library\ScriptAssemblies\Unity.Rider.Editor.dll
Symbol file LoadedFromMemory is not a mono symbol file
Symbol file data-000002F675B98020 doesn't match image D:\Проекты\roots\My project (25)\Library\ScriptAssemblies\Unity.2D.Common.Editor.dll
Symbol file LoadedFromMemory is not a mono symbol file
Symbol file data-000002F676111070 doesn't match image D:\Проекты\roots\My project (25)\Library\ScriptAssemblies\UnityEngine.UI.dll
Symbol file LoadedFromMemory is not a mono symbol file
Symbol file data-000002F675E220F0 doesn't match image D:\Проекты\roots\My project (25)\Library\ScriptAssemblies\Unity.2D.SpriteShape.Runtime.dll
Symbol file LoadedFromMemory is not a mono symbol file
Symbol file data-000002F66F6D3EE0 doesn't match image D:\Проекты\roots\My project (25)\Library\ScriptAssemblies\Unity.Mathematics.dll
Symbol file LoadedFromMemory is not a mono symbol file
Native extension for WindowsStandalone target not found
Refreshing native plugins compatible for Editor in 1.61 ms, found 2 plugins.
Preloading 0 native plugins for Editor in 0.00 ms.
Mono: successfully reloaded assembly
- Completed reload, in  3.308 seconds
Domain Reload Profiling:
	ReloadAssembly (3310ms)
		BeginReloadAssembly (382ms)
			ExecutionOrderSort (0ms)
			DisableScriptedObjects (19ms)
			BackupInstance (0ms)
			ReleaseScriptingObjects (0ms)
			CreateAndSetChildDomain (134ms)
		EndReloadAssembly (2691ms)
			LoadAssemblies (340ms)
			RebuildTransferFunctionScriptingTraits (0ms)
			SetupTypeCache (991ms)
			ReleaseScriptCaches (4ms)
			RebuildScriptCaches (146ms)
			SetupLoadedEditorAssemblies (959ms)
				LogAssemblyErrors (0ms)
				InitializePlatformSupportModulesInManaged (16ms)
				SetLoadedEditorAssemblies (2ms)
				RefreshPlugins (2ms)
				BeforeProcessingInitializeOnLoad (248ms)
				ProcessInitializeOnLoadAttributes (619ms)
				ProcessInitializeOnLoadMethodAttributes (65ms)
				AfterProcessingInitializeOnLoad (6ms)
				EditorAssembliesLoaded (2ms)
			ExecutionOrderSort2 (0ms)
			AwakeInstancesAfterBackupRestoration (26ms)
Platform modules already initialized, skipping
Refreshing native plugins compatible for Editor in 1.82 ms, found 2 plugins.
Preloading 0 native plugins for Editor in 0.00 ms.
Unloading 1842 Unused Serialized files (Serialized files now loaded: 0)
System memory in use before: 85.1 MB.
System memory in use after: 85.3 MB.

Unloading 11 unused Assets to reduce memory usage. Loaded Objects now: 2299.
Total: 13.058900 ms (FindLiveObjects: 0.957000 ms CreateObjectMapping: 1.268600 ms MarkObjects: 10.651500 ms  DeleteObjects: 0.175400 ms)

AssetImportParameters requested are different than current active one (requested -> active):
  custom:framework-win-MediaFoundation: 216162199b28c13a410421893ffa2e32 -> 
  custom:video-decoder-ogg-theora: a1e56fd34408186e4bbccfd4996cb3dc -> 
  custom:container-muxer-webm: aa71ff27fc2769a1b78a27578f13a17b -> 
  custom:container-demuxer-webm: 4f35f7cbe854078d1ac9338744f61a02 -> 
  custom:container-demuxer-ogg: 62fdf1f143b41e24485cea50d1cbac27 -> 
  custom:video-encoder-webm-vp8: eb34c28f22e8b96e1ab97ce403110664 -> 
  custom:video-decoder-webm-vp8: 9c59270c3fd7afecdb556c50c9e8de78 -> 
  custom:audio-decoder-ogg-vorbis: bf7c407c2cedff20999df2af8eb42d56 -> 
  custom:audio-encoder-webm-vorbis: bf7c407c2cedff20999df2af8eb42d56 -> 
========================================================================
Received Prepare
Registering precompiled user dll's ...
Registered in 0.005419 seconds.
Begin MonoManager ReloadAssembly
Symbol file data-000002F6755BF080 doesn't match image D:\Проекты\roots\My project (25)\Library\ScriptAssemblies\Unity.InternalAPIEngineBridge.001.dll
Symbol file LoadedFromMemory is not a mono symbol file
Symbol file data-000002F670EF7450 doesn't match image D:\Проекты\roots\My project (25)\Library\ScriptAssemblies\Unity.Services.Core.Editor.dll
Symbol file LoadedFromMemory is not a mono symbol file
Symbol file data-000002F672592040 doesn't match image D:\Проекты\roots\My project (25)\Library\ScriptAssemblies\Unity.VSCode.Editor.dll
Symbol file LoadedFromMemory is not a mono symbol file
Symbol file data-000002F67455BBD0 doesn't match image D:\Проекты\roots\My project (25)\Library\ScriptAssemblies\Unity.2D.PixelPerfect.dll
Symbol file LoadedFromMemory is not a mono symbol file
Symbol file data-000002F66F5F4010 doesn't match image D:\Проекты\roots\My project (25)\Library\ScriptAssemblies\Unity.2D.Tilemap.Editor.dll
Symbol file LoadedFromMemory is not a mono symbol file
Symbol file data-000002F671A5E010 doesn't match image D:\Проекты\roots\My project (25)\Library\ScriptAssemblies\Unity.TextMeshPro.Editor.dll
Symbol file LoadedFromMemory is not a mono symbol file
Symbol file data-000002F6726C0020 doesn't match image D:\Проекты\roots\My project (25)\Library\ScriptAssemblies\Unity.VisualStudio.Editor.dll
Symbol file LoadedFromMemory is not a mono symbol file
Symbol file data-000002F672173160 doesn't match image D:\Проекты\roots\My project (25)\Library\ScriptAssemblies\Unity.2D.PixelPerfect.Editor.dll
Symbol file LoadedFromMemory is not a mono symbol file
Symbol file data-000002F66F54C010 doesn't match image D:\Проекты\roots\My project (25)\Library\ScriptAssemblies\UnityEngine.TestRunner.dll
Symbol file LoadedFromMemory is not a mono symbol file
Symbol file data-000002F6745EE420 doesn't match image D:\Проекты\roots\My project (25)\Library\ScriptAssemblies\Unity.Timeline.Editor.dll
Symbol file LoadedFromMemory is not a mono symbol file
Symbol file data-000002F66F5F4010 doesn't match image D:\Проекты\roots\My project (25)\Library\ScriptAssemblies\Unity.Timeline.dll
Symbol file LoadedFromMemory is not a mono symbol file
Symbol file data-000002F670DA5800 doesn't match image D:\Проекты\roots\My project (25)\Library\ScriptAssemblies\Unity.TextMeshPro.dll
Symbol file LoadedFromMemory is not a mono symbol file
Symbol file data-000002F6725A9010 doesn't match image D:\Проекты\roots\My project (25)\Library\ScriptAssemblies\Unity.CollabProxy.Editor.dll
Symbol file LoadedFromMemory is not a mono symbol file
Symbol file data-000002F6757D5020 doesn't match image D:\Проекты\roots\My project (25)\Library\ScriptAssemblies\Unity.Mathematics.Editor.dll
Symbol file LoadedFromMemory is not a mono symbol file
Symbol file data-000002F674F9C030 doesn't match image D:\Проекты\roots\My project (25)\Library\ScriptAssemblies\UnityEditor.TestRunner.dll
Symbol file LoadedFromMemory is not a mono symbol file
Symbol file data-000002F671A9F650 doesn't match image D:\Проекты\roots\My project (25)\Library\ScriptAssemblies\Unity.2D.Common.Runtime.dll
Symbol file LoadedFromMemory is not a mono symbol file
Symbol file data-000002F671A5E010 doesn't match image D:\Проекты\roots\My project (25)\Library\ScriptAssemblies\Unity.2D.Sprite.Editor.dll
Symbol file LoadedFromMemory is not a mono symbol file
Symbol file data-000002F675FB00E0 doesn't match image D:\Проекты\roots\My project (25)\Library\ScriptAssemblies\Unity.2D.Path.Editor.dll
Symbol file LoadedFromMemory is not a mono symbol file
Symbol file data-000002F66E9DD2D0 doesn't match image D:\Проекты\roots\My project (25)\Library\ScriptAssemblies\Unity.InternalAPIEditorBridge.001.dll
Symbol file LoadedFromMemory is not a mono symbol file
Symbol file data-000002F66F502000 doesn't match image D:\Проекты\roots\My project (25)\Library\ScriptAssemblies\Unity.2D.SpriteShape.Editor.dll
Symbol file LoadedFromMemory is not a mono symbol file
Symbol file data-000002F66F502000 doesn't match image D:\Проекты\roots\My project (25)\Library\ScriptAssemblies\UnityEditor.UI.dll
Symbol file LoadedFromMemory is not a mono symbol file
Symbol file data-000002F672F8A040 doesn't match image D:\Проекты\roots\My project (25)\Library\ScriptAssemblies\Unity.PlasticSCM.Editor.dll
Symbol file LoadedFromMemory is not a mono symbol file
Symbol file data-000002F674F92010 doesn't match image D:\Проекты\roots\My project (25)\Library\ScriptAssemblies\Unity.Rider.Editor.dll
Symbol file LoadedFromMemory is not a mono symbol file
Symbol file data-000002F672592040 doesn't match image D:\Проекты\roots\My project (25)\Library\ScriptAssemblies\Unity.2D.Common.Editor.dll
Symbol file LoadedFromMemory is not a mono symbol file
Symbol file data-000002F676111070 doesn't match image D:\Проекты\roots\My project (25)\Library\ScriptAssemblies\UnityEngine.UI.dll
Symbol file LoadedFromMemory is not a mono symbol file
Symbol file data-000002F66F5F4010 doesn't match image D:\Проекты\roots\My project (25)\Library\ScriptAssemblies\Unity.2D.SpriteShape.Runtime.dll
Symbol file LoadedFromMemory is not a mono symbol file
Symbol file data-000002F66F6D3EE0 doesn't match image D:\Проекты\roots\My project (25)\Library\ScriptAssemblies\Unity.Mathematics.dll
Symbol file LoadedFromMemory is not a mono symbol file
Native extension for WindowsStandalone target not found
Refreshing native plugins compatible for Editor in 2.37 ms, found 2 plugins.
Preloading 0 native plugins for Editor in 0.00 ms.
Mono: successfully reloaded assembly
- Completed reload, in  2.906 seconds
Domain Reload Profiling:
	ReloadAssembly (2908ms)
		BeginReloadAssembly (359ms)
			ExecutionOrderSort (0ms)
			DisableScriptedObjects (19ms)
			BackupInstance (0ms)
			ReleaseScriptingObjects (0ms)
			CreateAndSetChildDomain (125ms)
		EndReloadAssembly (2384ms)
			LoadAssemblies (334ms)
			RebuildTransferFunctionScriptingTraits (0ms)
			SetupTypeCache (956ms)
			ReleaseScriptCaches (3ms)
			RebuildScriptCaches (125ms)
			SetupLoadedEditorAssemblies (766ms)
				LogAssemblyErrors (0ms)
				InitializePlatformSupportModulesInManaged (13ms)
				SetLoadedEditorAssemblies (1ms)
				RefreshPlugins (3ms)
				BeforeProcessingInitializeOnLoad (177ms)
				ProcessInitializeOnLoadAttributes (517ms)
				ProcessInitializeOnLoadMethodAttributes (51ms)
				AfterProcessingInitializeOnLoad (4ms)
				EditorAssembliesLoaded (1ms)
			ExecutionOrderSort2 (0ms)
			AwakeInstancesAfterBackupRestoration (6ms)
Platform modules already initialized, skipping
Refreshing native plugins compatible for Editor in 2.46 ms, found 2 plugins.
Preloading 0 native plugins for Editor in 0.00 ms.
Unloading 1842 Unused Serialized files (Serialized files now loaded: 0)
System memory in use before: 85.2 MB.
System memory in use after: 85.3 MB.

Unloading 11 unused Assets to reduce memory usage. Loaded Objects now: 2302.
Total: 9.241800 ms (FindLiveObjects: 0.674300 ms CreateObjectMapping: 0.436600 ms MarkObjects: 8.041500 ms  DeleteObjects: 0.086000 ms)

AssetImportParameters requested are different than current active one (requested -> active):
  custom:framework-win-MediaFoundation: 216162199b28c13a410421893ffa2e32 -> 
  custom:video-decoder-ogg-theora: a1e56fd34408186e4bbccfd4996cb3dc -> 
  custom:container-muxer-webm: aa71ff27fc2769a1b78a27578f13a17b -> 
  custom:container-demuxer-webm: 4f35f7cbe854078d1ac9338744f61a02 -> 
  custom:container-demuxer-ogg: 62fdf1f143b41e24485cea50d1cbac27 -> 
  custom:video-encoder-webm-vp8: eb34c28f22e8b96e1ab97ce403110664 -> 
  custom:video-decoder-webm-vp8: 9c59270c3fd7afecdb556c50c9e8de78 -> 
  custom:audio-decoder-ogg-vorbis: bf7c407c2cedff20999df2af8eb42d56 -> 
  custom:audio-encoder-webm-vorbis: bf7c407c2cedff20999df2af8eb42d56 -> 
========================================================================
Received Import Request.
  Time since last request: 1205.943167 seconds.
  path: Assets/roots
  artifactKey: Guid(e28cce5fc42ce82438d68caeafa3ac8f) Importer(815301076,1909f56bfc062723c751e8b465ee728b)
Start importing Assets/roots using Guid(e28cce5fc42ce82438d68caeafa3ac8f) Importer(815301076,1909f56bfc062723c751e8b465ee728b)  -> (artifact id: '357b564768cffbd1ff90d0d241cd7f8b') in 0.763735 seconds 
========================================================================
Received Import Request.
  Time since last request: 0.000859 seconds.
  path: Assets/roots/root Variant.prefab
  artifactKey: Guid(6aad3cff721257b4a8befd3300a66347) Importer(815301076,1909f56bfc062723c751e8b465ee728b)
Start importing Assets/roots/root Variant.prefab using Guid(6aad3cff721257b4a8befd3300a66347) Importer(815301076,1909f56bfc062723c751e8b465ee728b) Asset 'root': Transition 'AnyState -> idle' in state 'AnyState' doesn't have an Exit Time or any condition, transition will be ignored
UnityEngine.StackTraceUtility:ExtractStackTrace ()
UnityEditor.EditorUtility:Internal_InstantiateRemoveAllNonAnimationComponentsSingle (UnityEngine.Object,UnityEngine.Vector3,UnityEngine.Quaternion)
UnityEditor.EditorUtility:InstantiateRemoveAllNonAnimationComponents (UnityEngine.Object,UnityEngine.Vector3,UnityEngine.Quaternion)
UnityEditor.EditorUtility:InstantiateForAnimatorPreview (UnityEngine.Object)
UnityEditor.GameObjectInspector/PreviewData:UpdateGameObject (UnityEngine.Object)
UnityEditor.GameObjectInspector/PreviewData:.ctor (UnityEngine.Object)
UnityEditor.GameObjectInspector:GetPreviewData ()
UnityEditor.GameObjectInspector:RenderStaticPreview (string,UnityEngine.Object[],int,int)
UnityEditor.AssetPreviewUpdater:CreatePreviewForAsset (UnityEngine.Object,UnityEngine.Object[],string)

[C:\build\output\unity\unity\Editor/Src/Animation/StateMachine.cpp line 1847]

 -> (artifact id: '71b659c596ccb9462879c57802a614b8') in 2.654124 seconds 
========================================================================
Received Import Request.
  Time since last request: 0.001056 seconds.
  path: Assets/roots/water storage.prefab
  artifactKey: Guid(b31fc95901563ea4c9c1e85cb871aa33) Importer(815301076,1909f56bfc062723c751e8b465ee728b)
Start importing Assets/roots/water storage.prefab using Guid(b31fc95901563ea4c9c1e85cb871aa33) Importer(815301076,1909f56bfc062723c751e8b465ee728b) Asset 'root': Transition 'AnyState -> idle' in state 'AnyState' doesn't have an Exit Time or any condition, transition will be ignored
UnityEngine.StackTraceUtility:ExtractStackTrace ()
UnityEditor.EditorUtility:Internal_InstantiateRemoveAllNonAnimationComponentsSingle (UnityEngine.Object,UnityEngine.Vector3,UnityEngine.Quaternion)
UnityEditor.EditorUtility:InstantiateRemoveAllNonAnimationComponents (UnityEngine.Object,UnityEngine.Vector3,UnityEngine.Quaternion)
UnityEditor.EditorUtility:InstantiateForAnimatorPreview (UnityEngine.Object)
UnityEditor.GameObjectInspector/PreviewData:UpdateGameObject (UnityEngine.Object)
UnityEditor.GameObjectInspector/PreviewData:.ctor (UnityEngine.Object)
UnityEditor.GameObjectInspector:GetPreviewData ()
UnityEditor.GameObjectInspector:RenderStaticPreview (string,UnityEngine.Object[],int,int)
UnityEditor.AssetPreviewUpdater:CreatePreviewForAsset (UnityEngine.Object,UnityEngine.Object[],string)

[C:\build\output\unity\unity\Editor/Src/Animation/StateMachine.cpp line 1847]

 -> (artifact id: '2ab8531d4ca7626c84d35a272cee1b48') in 0.167064 seconds 
========================================================================
Received Import Request.
  Time since last request: 0.000904 seconds.
  path: Assets/roots/Root2.png
  artifactKey: Guid(a8aaa8496cde2d8439eedbb99fb0921e) Importer(815301076,1909f56bfc062723c751e8b465ee728b)
Start importing Assets/roots/Root2.png using Guid(a8aaa8496cde2d8439eedbb99fb0921e) Importer(815301076,1909f56bfc062723c751e8b465ee728b)  -> (artifact id: 'f0d8ce580b6cec638c9ae091b59a67d5') in 0.326491 seconds 
========================================================================
Received Import Request.
  Time since last request: 0.000824 seconds.
  path: Assets/roots/root_spawner.prefab
  artifactKey: Guid(0a416f31d15f37a46aa955a09987bab5) Importer(815301076,1909f56bfc062723c751e8b465ee728b)
Start importing Assets/roots/root_spawner.prefab using Guid(0a416f31d15f37a46aa955a09987bab5) Importer(815301076,1909f56bfc062723c751e8b465ee728b)  -> (artifact id: 'e67c5910b73a0b6221ffe8e35139a0fc') in 0.082717 seconds 
========================================================================
Received Import Request.
  Time since last request: 0.002507 seconds.
  path: Assets/roots/root.prefab
  artifactKey: Guid(da1c79fc32b5b7748a6fa228e70aa077) Importer(815301076,1909f56bfc062723c751e8b465ee728b)
Start importing Assets/roots/root.prefab using Guid(da1c79fc32b5b7748a6fa228e70aa077) Importer(815301076,1909f56bfc062723c751e8b465ee728b) Asset 'root': Transition 'AnyState -> idle' in state 'AnyState' doesn't have an Exit Time or any condition, transition will be ignored
UnityEngine.StackTraceUtility:ExtractStackTrace ()
UnityEditor.EditorUtility:Internal_InstantiateRemoveAllNonAnimationComponentsSingle (UnityEngine.Object,UnityEngine.Vector3,UnityEngine.Quaternion)
UnityEditor.EditorUtility:InstantiateRemoveAllNonAnimationComponents (UnityEngine.Object,UnityEngine.Vector3,UnityEngine.Quaternion)
UnityEditor.EditorUtility:InstantiateForAnimatorPreview (UnityEngine.Object)
UnityEditor.GameObjectInspector/PreviewData:UpdateGameObject (UnityEngine.Object)
UnityEditor.GameObjectInspector/PreviewData:.ctor (UnityEngine.Object)
UnityEditor.GameObjectInspector:GetPreviewData ()
UnityEditor.GameObjectInspector:RenderStaticPreview (string,UnityEngine.Object[],int,int)
UnityEditor.AssetPreviewUpdater:CreatePreviewForAsset (UnityEngine.Object,UnityEngine.Object[],string)

[C:\build\output\unity\unity\Editor/Src/Animation/StateMachine.cpp line 1847]

 -> (artifact id: 'ba6f846029a5e335738ad9ec1e5c3204') in 0.113280 seconds 
========================================================================
Received Import Request.
  Time since last request: 26.194823 seconds.
  path: Assets/core
  artifactKey: Guid(ef4ef93472e0d7544a149fcaa3520cd0) Importer(815301076,1909f56bfc062723c751e8b465ee728b)
Start importing Assets/core using Guid(ef4ef93472e0d7544a149fcaa3520cd0) Importer(815301076,1909f56bfc062723c751e8b465ee728b)  -> (artifact id: '438a584aece1d3d928a52db29895ca5c') in 0.100422 seconds 
========================================================================
Received Import Request.
  Time since last request: 4.146406 seconds.
  path: Assets/core/tree_statics.cs
  artifactKey: Guid(f7d6ac6b0e5f35a4f9750f2ff2e0094a) Importer(815301076,1909f56bfc062723c751e8b465ee728b)
Start importing Assets/core/tree_statics.cs using Guid(f7d6ac6b0e5f35a4f9750f2ff2e0094a) Importer(815301076,1909f56bfc062723c751e8b465ee728b)  -> (artifact id: '2593675c06e04e9ab1597de3f16d2adb') in 0.070194 seconds 
========================================================================
Received Import Request.
  Time since last request: 12.031497 seconds.
  path: Assets/core/core_controller.cs
  artifactKey: Guid(139071cea7cf95042a1f16708e295e1e) Importer(815301076,1909f56bfc062723c751e8b465ee728b)
Start importing Assets/core/core_controller.cs using Guid(139071cea7cf95042a1f16708e295e1e) Importer(815301076,1909f56bfc062723c751e8b465ee728b)  -> (artifact id: 'f3a97bf05ada3bfedd1b30a736b34c72') in 0.093017 seconds 
========================================================================
Received Import Request.
  Time since last request: 17.739119 seconds.
  path: Assets/fonts
  artifactKey: Guid(44eeeb24bc41f6248a3bcc8b97f4db00) Importer(815301076,1909f56bfc062723c751e8b465ee728b)
Start importing Assets/fonts using Guid(44eeeb24bc41f6248a3bcc8b97f4db00) Importer(815301076,1909f56bfc062723c751e8b465ee728b)  -> (artifact id: '7dde55aeb31d240bdf4a9060fa38dd08') in 0.184961 seconds 
========================================================================
Received Import Request.
  Time since last request: 7.490214 seconds.
  path: Assets/UI/button_controller.cs
  artifactKey: Guid(bb548b85274c63a48b719812006169cf) Importer(815301076,1909f56bfc062723c751e8b465ee728b)
Start importing Assets/UI/button_controller.cs using Guid(bb548b85274c63a48b719812006169cf) Importer(815301076,1909f56bfc062723c751e8b465ee728b)  -> (artifact id: 'b40d2d2eb6650f8cf71ccc8ab72ef297') in 0.054308 seconds 
========================================================================
Received Import Request.
  Time since last request: 4.054207 seconds.
  path: Assets/UI/scrollbar_controller.cs
  artifactKey: Guid(ff7c9bbb9ef30994c95ccec629d869c2) Importer(815301076,1909f56bfc062723c751e8b465ee728b)
Start importing Assets/UI/scrollbar_controller.cs using Guid(ff7c9bbb9ef30994c95ccec629d869c2) Importer(815301076,1909f56bfc062723c751e8b465ee728b)  -> (artifact id: 'c626d06ea4081254f5fac9af828fea19') in 0.055804 seconds 
========================================================================
Received Import Request.
  Time since last request: 1.625095 seconds.
  path: Assets/UI/UI_Listener.cs
  artifactKey: Guid(66bc2c26202dcd74daf8a81f5c99ba3d) Importer(815301076,1909f56bfc062723c751e8b465ee728b)
Start importing Assets/UI/UI_Listener.cs using Guid(66bc2c26202dcd74daf8a81f5c99ba3d) Importer(815301076,1909f56bfc062723c751e8b465ee728b)  -> (artifact id: '6106949189c414b2a42449379cb69d75') in 0.061392 seconds 
========================================================================
Received Import Request.
  Time since last request: 162.448172 seconds.
  path: Assets/roots/root_controller.cs
  artifactKey: Guid(baf84af754693bb4f82c1b3b4b4f5abe) Importer(815301076,1909f56bfc062723c751e8b465ee728b)
Start importing Assets/roots/root_controller.cs using Guid(baf84af754693bb4f82c1b3b4b4f5abe) Importer(815301076,1909f56bfc062723c751e8b465ee728b)  -> (artifact id: '791e0589b31f450de7973995f92c35e2') in 0.042173 seconds 
========================================================================
Received Import Request.
  Time since last request: 2.709081 seconds.
  path: Assets/roots/spawn_point_generator.cs
  artifactKey: Guid(1309f9f3315a34640804a564f90e5248) Importer(815301076,1909f56bfc062723c751e8b465ee728b)
Start importing Assets/roots/spawn_point_generator.cs using Guid(1309f9f3315a34640804a564f90e5248) Importer(815301076,1909f56bfc062723c751e8b465ee728b)  -> (artifact id: 'c2a9e818f7a5a1926dc349f78a2f162d') in 0.027957 seconds 
========================================================================
Received Import Request.
  Time since last request: 3.780368 seconds.
  path: Assets/camera
  artifactKey: Guid(316151c3c6973d147985557b74a9ff27) Importer(815301076,1909f56bfc062723c751e8b465ee728b)
Start importing Assets/camera using Guid(316151c3c6973d147985557b74a9ff27) Importer(815301076,1909f56bfc062723c751e8b465ee728b)  -> (artifact id: '261cf05aa8a18877ad4f7ed0cd5c6790') in 0.034375 seconds 
========================================================================
Received Import Request.
  Time since last request: 0.897523 seconds.
  path: Assets/camera/camera_controller.cs
  artifactKey: Guid(0c623bb0f63114447b2a4433f4506ffd) Importer(815301076,1909f56bfc062723c751e8b465ee728b)
Start importing Assets/camera/camera_controller.cs using Guid(0c623bb0f63114447b2a4433f4506ffd) Importer(815301076,1909f56bfc062723c751e8b465ee728b)  -> (artifact id: '94c763f969078b2632b3e281822ccbf8') in 0.035550 seconds 
========================================================================
Received Prepare
Registering precompiled user dll's ...
Registered in 0.011338 seconds.
Begin MonoManager ReloadAssembly
Symbol file data-000002F670EF5430 doesn't match image D:\Проекты\roots\My project (25)\Library\ScriptAssemblies\Unity.InternalAPIEngineBridge.001.dll
Symbol file LoadedFromMemory is not a mono symbol file
Symbol file data-000002F670EF7450 doesn't match image D:\Проекты\roots\My project (25)\Library\ScriptAssemblies\Unity.Services.Core.Editor.dll
Symbol file LoadedFromMemory is not a mono symbol file
Symbol file data-000002F6716DB360 doesn't match image D:\Проекты\roots\My project (25)\Library\ScriptAssemblies\Unity.VSCode.Editor.dll
Symbol file LoadedFromMemory is not a mono symbol file
Symbol file data-000002F67503FBD0 doesn't match image D:\Проекты\roots\My project (25)\Library\ScriptAssemblies\Unity.2D.PixelPerfect.dll
Symbol file LoadedFromMemory is not a mono symbol file
Symbol file data-000002F66F5F4010 doesn't match image D:\Проекты\roots\My project (25)\Library\ScriptAssemblies\Unity.2D.Tilemap.Editor.dll
Symbol file LoadedFromMemory is not a mono symbol file
Symbol file data-000002F67446E010 doesn't match image D:\Проекты\roots\My project (25)\Library\ScriptAssemblies\Unity.TextMeshPro.Editor.dll
Symbol file LoadedFromMemory is not a mono symbol file
Symbol file data-000002F6718C7030 doesn't match image D:\Проекты\roots\My project (25)\Library\ScriptAssemblies\Unity.VisualStudio.Editor.dll
Symbol file LoadedFromMemory is not a mono symbol file
Symbol file data-000002F674403160 doesn't match image D:\Проекты\roots\My project (25)\Library\ScriptAssemblies\Unity.2D.PixelPerfect.Editor.dll
Symbol file LoadedFromMemory is not a mono symbol file
Symbol file data-000002F66F54C010 doesn't match image D:\Проекты\roots\My project (25)\Library\ScriptAssemblies\UnityEngine.TestRunner.dll
Symbol file LoadedFromMemory is not a mono symbol file
Symbol file data-000002F670E91C80 doesn't match image D:\Проекты\roots\My project (25)\Library\ScriptAssemblies\Unity.Timeline.Editor.dll
Symbol file LoadedFromMemory is not a mono symbol file
Symbol file data-000002F66F5F4010 doesn't match image D:\Проекты\roots\My project (25)\Library\ScriptAssemblies\Unity.Timeline.dll
Symbol file LoadedFromMemory is not a mono symbol file
Symbol file data-000002F670DA5800 doesn't match image D:\Проекты\roots\My project (25)\Library\ScriptAssemblies\Unity.TextMeshPro.dll
Symbol file LoadedFromMemory is not a mono symbol file
Symbol file data-000002F6725A9010 doesn't match image D:\Проекты\roots\My project (25)\Library\ScriptAssemblies\Unity.CollabProxy.Editor.dll
Symbol file LoadedFromMemory is not a mono symbol file
Symbol file data-000002F67305E020 doesn't match image D:\Проекты\roots\My project (25)\Library\ScriptAssemblies\Unity.Mathematics.Editor.dll
Symbol file LoadedFromMemory is not a mono symbol file
Symbol file data-000002F66F84D4B0 doesn't match image D:\Проекты\roots\My project (25)\Library\ScriptAssemblies\UnityEditor.TestRunner.dll
Symbol file LoadedFromMemory is not a mono symbol file
Symbol file data-000002F66F409BB0 doesn't match image D:\Проекты\roots\My project (25)\Library\ScriptAssemblies\Unity.2D.Common.Runtime.dll
Symbol file LoadedFromMemory is not a mono symbol file
Symbol file data-000002F67446E010 doesn't match image D:\Проекты\roots\My project (25)\Library\ScriptAssemblies\Unity.2D.Sprite.Editor.dll
Symbol file LoadedFromMemory is not a mono symbol file
Symbol file data-000002F671396030 doesn't match image D:\Проекты\roots\My project (25)\Library\ScriptAssemblies\Unity.2D.Path.Editor.dll
Symbol file LoadedFromMemory is not a mono symbol file
Symbol file data-000002F66E9DD2D0 doesn't match image D:\Проекты\roots\My project (25)\Library\ScriptAssemblies\Unity.InternalAPIEditorBridge.001.dll
Symbol file LoadedFromMemory is not a mono symbol file
Symbol file data-000002F6718C7030 doesn't match image D:\Проекты\roots\My project (25)\Library\ScriptAssemblies\Unity.2D.SpriteShape.Editor.dll
Symbol file LoadedFromMemory is not a mono symbol file
Symbol file data-000002F6718C7030 doesn't match image D:\Проекты\roots\My project (25)\Library\ScriptAssemblies\UnityEditor.UI.dll
Symbol file LoadedFromMemory is not a mono symbol file
Symbol file data-000002F671A0A010 doesn't match image D:\Проекты\roots\My project (25)\Library\ScriptAssemblies\Unity.PlasticSCM.Editor.dll
Symbol file LoadedFromMemory is not a mono symbol file
Symbol file data-000002F67191F080 doesn't match image D:\Проекты\roots\My project (25)\Library\ScriptAssemblies\Unity.Rider.Editor.dll
Symbol file LoadedFromMemory is not a mono symbol file
Symbol file data-000002F670E82620 doesn't match image D:\Проекты\roots\My project (25)\Library\ScriptAssemblies\Unity.2D.Common.Editor.dll
Symbol file LoadedFromMemory is not a mono symbol file
Symbol file data-000002F6966300F0 doesn't match image D:\Проекты\roots\My project (25)\Library\ScriptAssemblies\UnityEngine.UI.dll
Symbol file LoadedFromMemory is not a mono symbol file
Symbol file data-000002F66F5F4010 doesn't match image D:\Проекты\roots\My project (25)\Library\ScriptAssemblies\Unity.2D.SpriteShape.Runtime.dll
Symbol file LoadedFromMemory is not a mono symbol file
Symbol file data-000002F66F6D3EE0 doesn't match image D:\Проекты\roots\My project (25)\Library\ScriptAssemblies\Unity.Mathematics.dll
Symbol file LoadedFromMemory is not a mono symbol file
Native extension for WindowsStandalone target not found
Refreshing native plugins compatible for Editor in 3.74 ms, found 2 plugins.
Preloading 0 native plugins for Editor in 0.00 ms.
Mono: successfully reloaded assembly
- Completed reload, in  9.234 seconds
Domain Reload Profiling:
	ReloadAssembly (9244ms)
		BeginReloadAssembly (1347ms)
			ExecutionOrderSort (0ms)
			DisableScriptedObjects (99ms)
			BackupInstance (0ms)
			ReleaseScriptingObjects (0ms)
			CreateAndSetChildDomain (521ms)
		EndReloadAssembly (7568ms)
			LoadAssemblies (787ms)
			RebuildTransferFunctionScriptingTraits (0ms)
			SetupTypeCache (2343ms)
			ReleaseScriptCaches (5ms)
			RebuildScriptCaches (145ms)
			SetupLoadedEditorAssemblies (4161ms)
				LogAssemblyErrors (0ms)
				InitializePlatformSupportModulesInManaged (15ms)
				SetLoadedEditorAssemblies (2ms)
				RefreshPlugins (4ms)
				BeforeProcessingInitializeOnLoad (237ms)
				ProcessInitializeOnLoadAttributes (3727ms)
				ProcessInitializeOnLoadMethodAttributes (156ms)
				AfterProcessingInitializeOnLoad (17ms)
				EditorAssembliesLoaded (2ms)
			ExecutionOrderSort2 (0ms)
			AwakeInstancesAfterBackupRestoration (28ms)
Platform modules already initialized, skipping
Refreshing native plugins compatible for Editor in 2.26 ms, found 2 plugins.
Preloading 0 native plugins for Editor in 0.00 ms.
Unloading 1842 Unused Serialized files (Serialized files now loaded: 0)
System memory in use before: 88.5 MB.
System memory in use after: 88.6 MB.

Unloading 11 unused Assets to reduce memory usage. Loaded Objects now: 2316.
Total: 89.868600 ms (FindLiveObjects: 8.809000 ms CreateObjectMapping: 1.232500 ms MarkObjects: 79.728700 ms  DeleteObjects: 0.092100 ms)

AssetImportParameters requested are different than current active one (requested -> active):
  custom:framework-win-MediaFoundation: 216162199b28c13a410421893ffa2e32 -> 
  custom:video-decoder-ogg-theora: a1e56fd34408186e4bbccfd4996cb3dc -> 
  custom:container-muxer-webm: aa71ff27fc2769a1b78a27578f13a17b -> 
  custom:container-demuxer-webm: 4f35f7cbe854078d1ac9338744f61a02 -> 
  custom:container-demuxer-ogg: 62fdf1f143b41e24485cea50d1cbac27 -> 
  custom:video-encoder-webm-vp8: eb34c28f22e8b96e1ab97ce403110664 -> 
  custom:video-decoder-webm-vp8: 9c59270c3fd7afecdb556c50c9e8de78 -> 
  custom:audio-decoder-ogg-vorbis: bf7c407c2cedff20999df2af8eb42d56 -> 
  custom:audio-encoder-webm-vorbis: bf7c407c2cedff20999df2af8eb42d56 -> 
AssetImportWorkerClient::OnTransportError - code=2 error=End of file
