Using pre-set license
Built from '2020.3/staging' branch; Version is '2020.3.42f1 (7ade1201f527) revision 8052242'; Using compiler version '192528614'; Build Type 'Release'
OS: 'Windows 10  (10.0.19041) 64bit CoreSingleLanguage' Language: 'ru' Physical Memory: 14213 MB
BatchMode: 1, IsHumanControllingUs: 0, StartBugReporterOnCrash: 0, Is64bit: 1, IsPro: 0

COMMAND LINE ARGUMENTS:
C:\Program Files\Unity\Hub\Editor\2020.3.42f1\Editor\Unity.exe
-adb2
-batchMode
-noUpm
-name
AssetImportWorker0
-projectPath
C:/Users/hp/Documents/GitHub/roots/My project (25)
-logFile
Logs/AssetImportWorker0.log
-srvPort
15977
Successfully changed project path to: C:/Users/hp/Documents/GitHub/roots/My project (25)
C:/Users/hp/Documents/GitHub/roots/My project (25)
Using Asset Import Pipeline V2.
Refreshing native plugins compatible for Editor in 64.13 ms, found 2 plugins.
Preloading 0 native plugins for Editor in 0.00 ms.
Initialize engine version: 2020.3.42f1 (7ade1201f527)
[Subsystems] Discovering subsystems at path C:/Program Files/Unity/Hub/Editor/2020.3.42f1/Editor/Data/Resources/UnitySubsystems
[Subsystems] Discovering subsystems at path C:/Users/hp/Documents/GitHub/roots/My project (25)/Assets
GfxDevice: creating device client; threaded=0
Direct3D:
    Version:  Direct3D 11.0 [level 11.1]
    Renderer: NVIDIA GeForce GTX 1650 (ID=0x1f91)
    Vendor:   
    VRAM:     3962 MB
    Driver:   30.0.15.1278
Initialize mono
Mono path[0] = 'C:/Program Files/Unity/Hub/Editor/2020.3.42f1/Editor/Data/Managed'
Mono path[1] = 'C:/Program Files/Unity/Hub/Editor/2020.3.42f1/Editor/Data/MonoBleedingEdge/lib/mono/unityjit'
Mono config path = 'C:/Program Files/Unity/Hub/Editor/2020.3.42f1/Editor/Data/MonoBleedingEdge/etc'
Using monoOptions --debugger-agent=transport=dt_socket,embedding=1,server=y,suspend=n,address=127.0.0.1:56772
Begin MonoManager ReloadAssembly
Registering precompiled unity dll's ...
Register platform support module: C:/Program Files/Unity/Hub/Editor/2020.3.42f1/Editor/Data/PlaybackEngines/WindowsStandaloneSupport/UnityEditor.WindowsStandalone.Extensions.dll
Registered in 0.013147 seconds.
Native extension for WindowsStandalone target not found
Refreshing native plugins compatible for Editor in 53.30 ms, found 2 plugins.
Preloading 0 native plugins for Editor in 0.00 ms.
Mono: successfully reloaded assembly
- Completed reload, in  0.988 seconds
Domain Reload Profiling:
	ReloadAssembly (989ms)
		BeginReloadAssembly (197ms)
			ExecutionOrderSort (0ms)
			DisableScriptedObjects (0ms)
			BackupInstance (0ms)
			ReleaseScriptingObjects (0ms)
			CreateAndSetChildDomain (1ms)
		EndReloadAssembly (639ms)
			LoadAssemblies (185ms)
			RebuildTransferFunctionScriptingTraits (0ms)
			SetupTypeCache (203ms)
			ReleaseScriptCaches (0ms)
			RebuildScriptCaches (36ms)
			SetupLoadedEditorAssemblies (223ms)
				LogAssemblyErrors (0ms)
				InitializePlatformSupportModulesInManaged (6ms)
				SetLoadedEditorAssemblies (0ms)
				RefreshPlugins (53ms)
				BeforeProcessingInitializeOnLoad (24ms)
				ProcessInitializeOnLoadAttributes (103ms)
				ProcessInitializeOnLoadMethodAttributes (37ms)
				AfterProcessingInitializeOnLoad (0ms)
				EditorAssembliesLoaded (0ms)
			ExecutionOrderSort2 (0ms)
			AwakeInstancesAfterBackupRestoration (0ms)
Platform modules already initialized, skipping
Registering precompiled user dll's ...
Registered in 0.014323 seconds.
Begin MonoManager ReloadAssembly
Native extension for WindowsStandalone target not found
Refreshing native plugins compatible for Editor in 0.63 ms, found 2 plugins.
Preloading 0 native plugins for Editor in 0.00 ms.
Mono: successfully reloaded assembly
- Completed reload, in  1.762 seconds
Domain Reload Profiling:
	ReloadAssembly (1764ms)
		BeginReloadAssembly (309ms)
			ExecutionOrderSort (0ms)
			DisableScriptedObjects (6ms)
			BackupInstance (0ms)
			ReleaseScriptingObjects (0ms)
			CreateAndSetChildDomain (25ms)
		EndReloadAssembly (1318ms)
			LoadAssemblies (277ms)
			RebuildTransferFunctionScriptingTraits (0ms)
			SetupTypeCache (398ms)
			ReleaseScriptCaches (1ms)
			RebuildScriptCaches (59ms)
			SetupLoadedEditorAssemblies (559ms)
				LogAssemblyErrors (0ms)
				InitializePlatformSupportModulesInManaged (7ms)
				SetLoadedEditorAssemblies (1ms)
				RefreshPlugins (1ms)
				BeforeProcessingInitializeOnLoad (192ms)
				ProcessInitializeOnLoadAttributes (286ms)
				ProcessInitializeOnLoadMethodAttributes (26ms)
				AfterProcessingInitializeOnLoad (45ms)
				EditorAssembliesLoaded (0ms)
			ExecutionOrderSort2 (0ms)
			AwakeInstancesAfterBackupRestoration (2ms)
Platform modules already initialized, skipping
========================================================================
Worker process is ready to serve import requests
Launched and connected shader compiler UnityShaderCompiler.exe after 0.08 seconds
Refreshing native plugins compatible for Editor in 0.51 ms, found 2 plugins.
Preloading 0 native plugins for Editor in 0.00 ms.
Unloading 1865 Unused Serialized files (Serialized files now loaded: 0)
System memory in use before: 87.5 MB.
System memory in use after: 87.6 MB.

Unloading 20 unused Assets to reduce memory usage. Loaded Objects now: 2306.
Total: 3.614800 ms (FindLiveObjects: 0.214900 ms CreateObjectMapping: 0.064600 ms MarkObjects: 3.238500 ms  DeleteObjects: 0.095100 ms)

AssetImportParameters requested are different than current active one (requested -> active):
  custom:framework-win-MediaFoundation: 216162199b28c13a410421893ffa2e32 -> 
  custom:video-decoder-ogg-theora: a1e56fd34408186e4bbccfd4996cb3dc -> 
  custom:container-muxer-webm: aa71ff27fc2769a1b78a27578f13a17b -> 
  custom:container-demuxer-webm: 4f35f7cbe854078d1ac9338744f61a02 -> 
  custom:container-demuxer-ogg: 62fdf1f143b41e24485cea50d1cbac27 -> 
  custom:video-encoder-webm-vp8: eb34c28f22e8b96e1ab97ce403110664 -> 
  custom:video-decoder-webm-vp8: 9c59270c3fd7afecdb556c50c9e8de78 -> 
  custom:audio-decoder-ogg-vorbis: bf7c407c2cedff20999df2af8eb42d56 -> 
  custom:audio-encoder-webm-vorbis: bf7c407c2cedff20999df2af8eb42d56 -> 
========================================================================
Received Import Request.
  path: Assets/bug/photo_2023-02-05_19-04-45.jpg
  artifactKey: Guid(adc14c9572e951c4fb4489575313ea35) Importer(815301076,1909f56bfc062723c751e8b465ee728b)
Start importing Assets/bug/photo_2023-02-05_19-04-45.jpg using Guid(adc14c9572e951c4fb4489575313ea35) Importer(815301076,1909f56bfc062723c751e8b465ee728b)  -> (artifact id: '7107f2e53f7c61a0b66c5025118f6cec') in 0.170162 seconds 
========================================================================
Received Import Request.
  Time since last request: 400.453358 seconds.
  path: Assets/bug/BugWalk1.png
  artifactKey: Guid(ac46a237a32d9fc4d9776abe7ba08863) Importer(815301076,1909f56bfc062723c751e8b465ee728b)
Start importing Assets/bug/BugWalk1.png using Guid(ac46a237a32d9fc4d9776abe7ba08863) Importer(815301076,1909f56bfc062723c751e8b465ee728b)  -> (artifact id: '425eefde83a0920e339e90e43659284e') in 0.092760 seconds 
========================================================================
Received Import Request.
  Time since last request: 6.780297 seconds.
  path: Assets/bug/BugWalk2.png
  artifactKey: Guid(3f40d23d400e806438fd3b5453794701) Importer(815301076,1909f56bfc062723c751e8b465ee728b)
Start importing Assets/bug/BugWalk2.png using Guid(3f40d23d400e806438fd3b5453794701) Importer(815301076,1909f56bfc062723c751e8b465ee728b)  -> (artifact id: 'ce831b9b54b73f96346c15121a6eca2e') in 0.042137 seconds 
========================================================================
Received Import Request.
  Time since last request: 21.506513 seconds.
  path: Assets/bug/BugWalk1.png
  artifactKey: Guid(ac46a237a32d9fc4d9776abe7ba08863) Importer(815301076,1909f56bfc062723c751e8b465ee728b)
Start importing Assets/bug/BugWalk1.png using Guid(ac46a237a32d9fc4d9776abe7ba08863) Importer(815301076,1909f56bfc062723c751e8b465ee728b)  -> (artifact id: 'f2621746859947d5278399ea697bb9ab') in 0.028131 seconds 
========================================================================
Received Import Request.
  Time since last request: 5.290311 seconds.
  path: Assets/bug/BugWalk2.png
  artifactKey: Guid(3f40d23d400e806438fd3b5453794701) Importer(815301076,1909f56bfc062723c751e8b465ee728b)
Start importing Assets/bug/BugWalk2.png using Guid(3f40d23d400e806438fd3b5453794701) Importer(815301076,1909f56bfc062723c751e8b465ee728b)  -> (artifact id: 'a1c8567219b1499916fc8ea761cf1af3') in 0.026530 seconds 
========================================================================
Received Import Request.
  Time since last request: 49.125702 seconds.
  path: Assets/bug/BugWalk1.png
  artifactKey: Guid(ac46a237a32d9fc4d9776abe7ba08863) Importer(815301076,1909f56bfc062723c751e8b465ee728b)
Start importing Assets/bug/BugWalk1.png using Guid(ac46a237a32d9fc4d9776abe7ba08863) Importer(815301076,1909f56bfc062723c751e8b465ee728b)  -> (artifact id: '4dbfe55f74ace68d48f3a7eb25593572') in 0.027524 seconds 
========================================================================
Received Import Request.
  Time since last request: 9.259353 seconds.
  path: Assets/bug/BugWalk2.png
  artifactKey: Guid(3f40d23d400e806438fd3b5453794701) Importer(815301076,1909f56bfc062723c751e8b465ee728b)
Start importing Assets/bug/BugWalk2.png using Guid(3f40d23d400e806438fd3b5453794701) Importer(815301076,1909f56bfc062723c751e8b465ee728b)  -> (artifact id: '96bace083a428690d981af8901832883') in 0.028797 seconds 
========================================================================
Received Import Request.
  Time since last request: 49.169460 seconds.
  path: Assets/bug/BugWalk1.png
  artifactKey: Guid(ac46a237a32d9fc4d9776abe7ba08863) Importer(815301076,1909f56bfc062723c751e8b465ee728b)
Start importing Assets/bug/BugWalk1.png using Guid(ac46a237a32d9fc4d9776abe7ba08863) Importer(815301076,1909f56bfc062723c751e8b465ee728b)  -> (artifact id: 'f15a7911440beef14ea105d2f1b4de63') in 0.029268 seconds 
========================================================================
Received Import Request.
  Time since last request: 7.930730 seconds.
  path: Assets/bug/BugWalk2.png
  artifactKey: Guid(3f40d23d400e806438fd3b5453794701) Importer(815301076,1909f56bfc062723c751e8b465ee728b)
Start importing Assets/bug/BugWalk2.png using Guid(3f40d23d400e806438fd3b5453794701) Importer(815301076,1909f56bfc062723c751e8b465ee728b)  -> (artifact id: 'cef636ae84c2bbf28ac8a179becf5910') in 0.025410 seconds 
========================================================================
Received Import Request.
  Time since last request: 188.103240 seconds.
  path: Assets/bug/bug_run.anim
  artifactKey: Guid(8495f738d1e0a31419c274564f2c7ab3) Importer(815301076,1909f56bfc062723c751e8b465ee728b)
Start importing Assets/bug/bug_run.anim using Guid(8495f738d1e0a31419c274564f2c7ab3) Importer(815301076,1909f56bfc062723c751e8b465ee728b)  -> (artifact id: '1c3c20c52ccedc1ecf7a9cbcdc700338') in 0.016271 seconds 
========================================================================
Received Import Request.
  Time since last request: 11.925252 seconds.
  path: Assets/bug/bugs.controller
  artifactKey: Guid(aaa2f5c7f0334e04a920aee0dffa4b0c) Importer(815301076,1909f56bfc062723c751e8b465ee728b)
Start importing Assets/bug/bugs.controller using Guid(aaa2f5c7f0334e04a920aee0dffa4b0c) Importer(815301076,1909f56bfc062723c751e8b465ee728b)  -> (artifact id: 'f5a310ce0bb44263bf7392f114dcba36') in 0.015108 seconds 
========================================================================
Received Import Request.
  Time since last request: 1228.263987 seconds.
  path: Assets/bug/bug.prefab
  artifactKey: Guid(e6b8c3ac5a4082a4e87c69199fd28028) Importer(815301076,1909f56bfc062723c751e8b465ee728b)
Start importing Assets/bug/bug.prefab using Guid(e6b8c3ac5a4082a4e87c69199fd28028) Importer(815301076,1909f56bfc062723c751e8b465ee728b)  -> (artifact id: '0d38ad77e43bb67a6f2b43e36c5ee911') in 0.177541 seconds 
========================================================================
Received Import Request.
  Time since last request: 2270.623526 seconds.
  path: Assets/bug/bug.prefab
  artifactKey: Guid(e6b8c3ac5a4082a4e87c69199fd28028) Importer(815301076,1909f56bfc062723c751e8b465ee728b)
Start importing Assets/bug/bug.prefab using Guid(e6b8c3ac5a4082a4e87c69199fd28028) Importer(815301076,1909f56bfc062723c751e8b465ee728b)  -> (artifact id: '7d19dad4ed85a8c0c647a45552774dc2') in 0.293874 seconds 
========================================================================
Received Import Request.
  Time since last request: 503.069864 seconds.
  path: Assets/bug/bug.controller
  artifactKey: Guid(f7fd35ce315ca90428af870423fe50d9) Importer(815301076,1909f56bfc062723c751e8b465ee728b)
Start importing Assets/bug/bug.controller using Guid(f7fd35ce315ca90428af870423fe50d9) Importer(815301076,1909f56bfc062723c751e8b465ee728b)  -> (artifact id: '9d52ce7289764c5a26908ee00e09e6c1') in 0.012837 seconds 
========================================================================
Received Import Request.
  Time since last request: 4749.825763 seconds.
  path: Assets/bug/BugAttack1.png
  artifactKey: Guid(bfd41f70655ebbd49b1694c4ab4d5337) Importer(815301076,1909f56bfc062723c751e8b465ee728b)
Start importing Assets/bug/BugAttack1.png using Guid(bfd41f70655ebbd49b1694c4ab4d5337) Importer(815301076,1909f56bfc062723c751e8b465ee728b)  -> (artifact id: '8c550df04d53a4447977850109836e00') in 0.150423 seconds 
========================================================================
Received Import Request.
  Time since last request: 0.000266 seconds.
  path: Assets/bug/BugAttack3.png
  artifactKey: Guid(69625a5af74ad4d4eb1082d43e1a8740) Importer(815301076,1909f56bfc062723c751e8b465ee728b)
Start importing Assets/bug/BugAttack3.png using Guid(69625a5af74ad4d4eb1082d43e1a8740) Importer(815301076,1909f56bfc062723c751e8b465ee728b)  -> (artifact id: '38cc08f7a2c21067772e08cc9a5cd8e9') in 0.050270 seconds 
========================================================================
Received Import Request.
  Time since last request: 0.000423 seconds.
  path: Assets/bug/BugAttack2.png
  artifactKey: Guid(5e40e5e3217b7b04ab3046c2c454a333) Importer(815301076,1909f56bfc062723c751e8b465ee728b)
Start importing Assets/bug/BugAttack2.png using Guid(5e40e5e3217b7b04ab3046c2c454a333) Importer(815301076,1909f56bfc062723c751e8b465ee728b)  -> (artifact id: '106685c56977753fc01d9d0763941f61') in 0.046427 seconds 
AssetImportWorkerClient::OnTransportError - code=2 error=End of file
